{"name": "E2E Checkout Flow", "status": "broken", "statusDetails": {"message": "selenium.common.exceptions.TimeoutException: Message: \nStacktrace:\n\tGetHandleVerifier [0x0x3dfea3+66515]\n\tGetHandleVerifier [0x0x3dfee4+66580]\n\t(No symbol) [0x0x1cdc48]\n\t(No symbol) [0x0x218704]\n\t(No symbol) [0x0x218aab]\n\t(No symbol) [0x0x25f482]\n\t(No symbol) [0x0x23b214]\n\t(No symbol) [0x0x25cba7]\n\t(No symbol) [0x0x23afc6]\n\t(No symbol) [0x0x20c2ca]\n\t(No symbol) [0x0x20d154]\n\tGetHandleVerifier [0x0x6373d3+2521347]\n\tGetHandleVerifier [0x0x632353+2500739]\n\tGetHandleVerifier [0x0x407cf4+229924]\n\tGetHandleVerifier [0x0x3f8258+165768]\n\tGetHandleVerifier [0x0x3fed0d+193085]\n\tGetHandleVerifier [0x0x3e81b8+100072]\n\tGetHandleVerifier [0x0x3e8350+100480]\n\tGetHandleVerifier [0x0x3d260a+11066]\n\tBaseThreadInitThunk [0x0x768bfcc9+25]\n\tRtlGetAppContainerNamedObjectPath [0x0x77b682ae+286]\n\tRtlGetAppContainerNamedObjectPath [0x0x77b6827e+238]\n\t(No symbol) [0x0]", "trace": "tests\\test_e2e_flow.py:38: in test_end_to_end_checkout\n    checkout_page.finish_order()\npages\\checkout_page.py:19: in finish_order\n    WebDriverWait(self.driver, 10).until(\n.venv\\Lib\\site-packages\\selenium\\webdriver\\support\\wait.py:138: in until\n    raise TimeoutException(message, screen, stacktrace)\nE   selenium.common.exceptions.TimeoutException: Message: \nE   Stacktrace:\nE   \tGetHandleVerifier [0x0x3dfea3+66515]\nE   \tGetHandleVerifier [0x0x3dfee4+66580]\nE   \t(No symbol) [0x0x1cdc48]\nE   \t(No symbol) [0x0x218704]\nE   \t(No symbol) [0x0x218aab]\nE   \t(No symbol) [0x0x25f482]\nE   \t(No symbol) [0x0x23b214]\nE   \t(No symbol) [0x0x25cba7]\nE   \t(No symbol) [0x0x23afc6]\nE   \t(No symbol) [0x0x20c2ca]\nE   \t(No symbol) [0x0x20d154]\nE   \tGetHandleVerifier [0x0x6373d3+2521347]\nE   \tGetHandleVerifier [0x0x632353+2500739]\nE   \tGetHandleVerifier [0x0x407cf4+229924]\nE   \tGetHandleVerifier [0x0x3f8258+165768]\nE   \tGetHandleVerifier [0x0x3fed0d+193085]\nE   \tGetHandleVerifier [0x0x3e81b8+100072]\nE   \tGetHandleVerifier [0x0x3e8350+100480]\nE   \tGetHandleVerifier [0x0x3d260a+11066]\nE   \tBaseThreadInitThunk [0x0x768bfcc9+25]\nE   \tRtlGetAppContainerNamedObjectPath [0x0x77b682ae+286]\nE   \tRtlGetAppContainerNamedObjectPath [0x0x77b6827e+238]\nE   \t(No symbol) [0x0]"}, "description": "Launch site, login, add product to cart, checkout and verify confirmation message.", "steps": [{"name": "Step 1: Login", "status": "passed", "start": 1760464882160, "stop": 1760464882813}, {"name": "Step 2: Add product and open cart", "status": "passed", "start": 1760464882814, "stop": 1760464883159}, {"name": "Step 3: Proceed to checkout", "status": "passed", "start": 1760464883159, "stop": 1760464883323}, {"name": "Step 4: Fill details and finish order", "status": "broken", "statusDetails": {"message": "selenium.common.exceptions.TimeoutException: Message: \nStacktrace:\n\tGetHandleVerifier [0x0x3dfea3+66515]\n\tGetHandleVerifier [0x0x3dfee4+66580]\n\t(No symbol) [0x0x1cdc48]\n\t(No symbol) [0x0x218704]\n\t(No symbol) [0x0x218aab]\n\t(No symbol) [0x0x25f482]\n\t(No symbol) [0x0x23b214]\n\t(No symbol) [0x0x25cba7]\n\t(No symbol) [0x0x23afc6]\n\t(No symbol) [0x0x20c2ca]\n\t(No symbol) [0x0x20d154]\n\tGetHandleVerifier [0x0x6373d3+2521347]\n\tGetHandleVerifier [0x0x632353+2500739]\n\tGetHandleVerifier [0x0x407cf4+229924]\n\tGetHandleVerifier [0x0x3f8258+165768]\n\tGetHandleVerifier [0x0x3fed0d+193085]\n\tGetHandleVerifier [0x0x3e81b8+100072]\n\tGetHandleVerifier [0x0x3e8350+100480]\n\tGetHandleVerifier [0x0x3d260a+11066]\n\tBaseThreadInitThunk [0x0x768bfcc9+25]\n\tRtlGetAppContainerNamedObjectPath [0x0x77b682ae+286]\n\tRtlGetAppContainerNamedObjectPath [0x0x77b6827e+238]\n\t(No symbol) [0x0]\n\n", "trace": "  File \"C:\\Users\\shradha\\workspace_python\\Pycharm_Project\\ecommerce_test\\tests\\test_e2e_flow.py\", line 38, in test_end_to_end_checkout\n    checkout_page.finish_order()\n    ~~~~~~~~~~~~~~~~~~~~~~~~~~^^\n  File \"C:\\Users\\shradha\\workspace_python\\Pycharm_Project\\ecommerce_test\\pages\\checkout_page.py\", line 19, in finish_order\n    WebDriverWait(self.driver, 10).until(\n    ~~~~~~~~~~~~~~~~~~~~~~~~~~~~~~~~~~~~^\n        EC.element_to_be_clickable((By.ID, \"finish\"))\n        ^^^^^^^^^^^^^^^^^^^^^^^^^^^^^^^^^^^^^^^^^^^^^\n    ).click()\n    ^\n  File \"C:\\Users\\shradha\\workspace_python\\Pycharm_Project\\ecommerce_test\\.venv\\Lib\\site-packages\\selenium\\webdriver\\support\\wait.py\", line 138, in until\n    raise TimeoutException(message, screen, stacktrace)\n"}, "start": 1760464883324, "stop": 1760464900319}], "attachments": [{"name": "Failure Screenshot - test_end_to_end_checkout", "source": "6428dd52-18a7-4706-a691-32efe0751199-attachment.png", "type": "image/png"}, {"name": "stdout", "source": "6dcbe109-287f-4367-860c-e46832792de0-attachment.txt", "type": "text/plain"}], "start": 1760464882160, "stop": 1760464900323, "uuid": "0197c8e5-6ead-40e0-9889-954414b10936", "historyId": "c2290f3829c82e7a0c82649dd91a7d8e", "testCaseId": "c2290f3829c82e7a0c82649dd91a7d8e", "fullName": "tests.test_e2e_flow#test_end_to_end_checkout", "labels": [{"name": "tag", "value": "e2e"}, {"name": "parentSuite", "value": "tests"}, {"name": "suite", "value": "test_e2e_flow"}, {"name": "host", "value": "DESKTOP-9NAKIHM"}, {"name": "thread", "value": "20476-MainThread"}, {"name": "framework", "value": "pytest"}, {"name": "language", "value": "cpython3"}, {"name": "package", "value": "tests.test_e2e_flow"}], "titlePath": ["tests", "test_e2e_flow.py"]}