{"name": "E2E Checkout Flow", "status": "broken", "statusDetails": {"message": "selenium.common.exceptions.TimeoutException: Message: \nStacktrace:\n\tGetHandleVerifier [0x0xd1fe83+66515]\n\tGetHandleVerifier [0x0xd1fec4+66580]\n\t(No symbol) [0x0xb0dc48]\n\t(No symbol) [0x0xb58704]\n\t(No symbol) [0x0xb58aab]\n\t(No symbol) [0x0xb9f482]\n\t(No symbol) [0x0xb7b214]\n\t(No symbol) [0x0xb9cba7]\n\t(No symbol) [0x0xb7afc6]\n\t(No symbol) [0x0xb4c2ca]\n\t(No symbol) [0x0xb4d154]\n\tGetHandleVerifier [0x0xf773b3+2521347]\n\tGetHandleVerifier [0x0xf72333+2500739]\n\tGetHandleVerifier [0x0xd47cd4+229924]\n\tGetHandleVerifier [0x0xd38238+165768]\n\tGetHandleVerifier [0x0xd3eced+193085]\n\tGetHandleVerifier [0x0xd28198+100072]\n\tGetHandleVerifier [0x0xd28330+100480]\n\tGetHandleVerifier [0x0xd125ea+11066]\n\tBaseThreadInitThunk [0x0x768bfcc9+25]\n\tRtlGetAppContainerNamedObjectPath [0x0x77b682ae+286]\n\tRtlGetAppContainerNamedObjectPath [0x0x77b6827e+238]", "trace": "tests\\test_e2e_flow.py:37: in test_end_to_end_checkout\n    checkout_page.fill_details_and_continue(\"John\", \"Doe\", \"12345\")\npages\\checkout_page.py:10: in fill_details_and_continue\n    WebDriverWait(self.driver, 10).until(\n.venv\\Lib\\site-packages\\selenium\\webdriver\\support\\wait.py:138: in until\n    raise TimeoutException(message, screen, stacktrace)\nE   selenium.common.exceptions.TimeoutException: Message: \nE   Stacktrace:\nE   \tGetHandleVerifier [0x0xd1fe83+66515]\nE   \tGetHandleVerifier [0x0xd1fec4+66580]\nE   \t(No symbol) [0x0xb0dc48]\nE   \t(No symbol) [0x0xb58704]\nE   \t(No symbol) [0x0xb58aab]\nE   \t(No symbol) [0x0xb9f482]\nE   \t(No symbol) [0x0xb7b214]\nE   \t(No symbol) [0x0xb9cba7]\nE   \t(No symbol) [0x0xb7afc6]\nE   \t(No symbol) [0x0xb4c2ca]\nE   \t(No symbol) [0x0xb4d154]\nE   \tGetHandleVerifier [0x0xf773b3+2521347]\nE   \tGetHandleVerifier [0x0xf72333+2500739]\nE   \tGetHandleVerifier [0x0xd47cd4+229924]\nE   \tGetHandleVerifier [0x0xd38238+165768]\nE   \tGetHandleVerifier [0x0xd3eced+193085]\nE   \tGetHandleVerifier [0x0xd28198+100072]\nE   \tGetHandleVerifier [0x0xd28330+100480]\nE   \tGetHandleVerifier [0x0xd125ea+11066]\nE   \tBaseThreadInitThunk [0x0x768bfcc9+25]\nE   \tRtlGetAppContainerNamedObjectPath [0x0x77b682ae+286]\nE   \tRtlGetAppContainerNamedObjectPath [0x0x77b6827e+238]"}, "description": "Launch site, login, add product to cart, checkout and verify confirmation message.", "steps": [{"name": "Step 1: Login", "status": "passed", "start": 1760542078459, "stop": 1760542079089}, {"name": "Step 2: Add product and open cart", "status": "passed", "start": 1760542079090, "stop": 1760542079487}, {"name": "Step 3: Proceed to checkout", "status": "passed", "start": 1760542079487, "stop": 1760542079633}, {"name": "Step 4: Fill details and finish order", "status": "broken", "statusDetails": {"message": "selenium.common.exceptions.TimeoutException: Message: \nStacktrace:\n\tGetHandleVerifier [0x0xd1fe83+66515]\n\tGetHandleVerifier [0x0xd1fec4+66580]\n\t(No symbol) [0x0xb0dc48]\n\t(No symbol) [0x0xb58704]\n\t(No symbol) [0x0xb58aab]\n\t(No symbol) [0x0xb9f482]\n\t(No symbol) [0x0xb7b214]\n\t(No symbol) [0x0xb9cba7]\n\t(No symbol) [0x0xb7afc6]\n\t(No symbol) [0x0xb4c2ca]\n\t(No symbol) [0x0xb4d154]\n\tGetHandleVerifier [0x0xf773b3+2521347]\n\tGetHandleVerifier [0x0xf72333+2500739]\n\tGetHandleVerifier [0x0xd47cd4+229924]\n\tGetHandleVerifier [0x0xd38238+165768]\n\tGetHandleVerifier [0x0xd3eced+193085]\n\tGetHandleVerifier [0x0xd28198+100072]\n\tGetHandleVerifier [0x0xd28330+100480]\n\tGetHandleVerifier [0x0xd125ea+11066]\n\tBaseThreadInitThunk [0x0x768bfcc9+25]\n\tRtlGetAppContainerNamedObjectPath [0x0x77b682ae+286]\n\tRtlGetAppContainerNamedObjectPath [0x0x77b6827e+238]\n\n", "trace": "  File \"C:\\Users\\shradha\\workspace_python\\Pycharm_Project\\ecommerce_test\\tests\\test_e2e_flow.py\", line 37, in test_end_to_end_checkout\n    checkout_page.fill_details_and_continue(\"John\", \"Doe\", \"12345\")\n    ~~~~~~~~~~~~~~~~~~~~~~~~~~~~~~~~~~~~~~~^^^^^^^^^^^^^^^^^^^^^^^^\n  File \"C:\\Users\\shradha\\workspace_python\\Pycharm_Project\\ecommerce_test\\pages\\checkout_page.py\", line 10, in fill_details_and_continue\n    WebDriverWait(self.driver, 10).until(\n    ~~~~~~~~~~~~~~~~~~~~~~~~~~~~~~~~~~~~^\n        EC.visibility_of_element_located((By.ID, \"first-name\"))\n        ^^^^^^^^^^^^^^^^^^^^^^^^^^^^^^^^^^^^^^^^^^^^^^^^^^^^^^^\n    ).send_keys(first_name)\n    ^\n  File \"C:\\Users\\shradha\\workspace_python\\Pycharm_Project\\ecommerce_test\\.venv\\Lib\\site-packages\\selenium\\webdriver\\support\\wait.py\", line 138, in until\n    raise TimeoutException(message, screen, stacktrace)\n"}, "start": 1760542079633, "stop": 1760542096160}], "attachments": [{"name": "Failure Screenshot - test_end_to_end_checkout", "source": "e4afb930-80ae-42f8-b6d3-ac3f5c915a4f-attachment.png", "type": "image/png"}, {"name": "stdout", "source": "976d9dd0-4a1f-4fcc-ba6a-876050b155b7-attachment.txt", "type": "text/plain"}], "start": 1760542078459, "stop": 1760542096167, "uuid": "788ad2ec-dcd1-454c-b9cc-0998b303f9b9", "historyId": "c2290f3829c82e7a0c82649dd91a7d8e", "testCaseId": "c2290f3829c82e7a0c82649dd91a7d8e", "fullName": "tests.test_e2e_flow#test_end_to_end_checkout", "labels": [{"name": "tag", "value": "e2e"}, {"name": "parentSuite", "value": "tests"}, {"name": "suite", "value": "test_e2e_flow"}, {"name": "host", "value": "DESKTOP-9NAKIHM"}, {"name": "thread", "value": "21912-MainThread"}, {"name": "framework", "value": "pytest"}, {"name": "language", "value": "cpython3"}, {"name": "package", "value": "tests.test_e2e_flow"}], "titlePath": ["tests", "test_e2e_flow.py"]}